0 info it worked if it ends with ok
1 verbose cli [ 'node', '/usr/local/bin/npm', 'i', '-g' ]
2 info using npm@1.4.28
3 info using node@v0.10.33
4 verbose cache add [ '.', null ]
5 verbose cache add name=undefined spec="." args=[".",null]
6 verbose parsed url { protocol: null,
6 verbose parsed url   slashes: null,
6 verbose parsed url   auth: null,
6 verbose parsed url   host: null,
6 verbose parsed url   port: null,
6 verbose parsed url   hostname: null,
6 verbose parsed url   hash: null,
6 verbose parsed url   search: null,
6 verbose parsed url   query: null,
6 verbose parsed url   pathname: '.',
6 verbose parsed url   path: '.',
6 verbose parsed url   href: '.' }
7 silly lockFile 3a52ce78- .
8 verbose lock . /Users/wudi/.npm/3a52ce78-.lock
9 verbose tar pack [ '/Users/wudi/.npm/prop/1.0.0/package.tgz', '.' ]
10 verbose tarball /Users/wudi/.npm/prop/1.0.0/package.tgz
11 verbose folder .
12 info prepublish prop@1.0.0
13 silly lockFile 1f1177db-tar tar://.
14 verbose lock tar://. /Users/wudi/.npm/1f1177db-tar.lock
15 silly lockFile e5368dde--wudi-npm-prop-1-0-0-package-tgz tar:///Users/wudi/.npm/prop/1.0.0/package.tgz
16 verbose lock tar:///Users/wudi/.npm/prop/1.0.0/package.tgz /Users/wudi/.npm/e5368dde--wudi-npm-prop-1-0-0-package-tgz.lock
17 silly lockFile 1f1177db-tar tar://.
18 silly lockFile 1f1177db-tar tar://.
19 silly lockFile e5368dde--wudi-npm-prop-1-0-0-package-tgz tar:///Users/wudi/.npm/prop/1.0.0/package.tgz
20 silly lockFile e5368dde--wudi-npm-prop-1-0-0-package-tgz tar:///Users/wudi/.npm/prop/1.0.0/package.tgz
21 silly lockFile 0d2df463-sers-wudi-npm-prop-1-0-0-package /Users/wudi/.npm/prop/1.0.0/package
22 verbose lock /Users/wudi/.npm/prop/1.0.0/package /Users/wudi/.npm/0d2df463-sers-wudi-npm-prop-1-0-0-package.lock
23 silly lockFile 0d2df463-sers-wudi-npm-prop-1-0-0-package /Users/wudi/.npm/prop/1.0.0/package
24 silly lockFile 0d2df463-sers-wudi-npm-prop-1-0-0-package /Users/wudi/.npm/prop/1.0.0/package
25 silly lockFile 3a52ce78- .
26 silly lockFile 3a52ce78- .
27 silly resolved [ { name: 'prop',
27 silly resolved     version: '1.0.0',
27 silly resolved     description: '微信传播工具',
27 silly resolved     main: 'index.js',
27 silly resolved     scripts: { test: 'echo "Error: no test specified" && exit 1' },
27 silly resolved     devDependencies: { fone: '*', fcss: '*' },
27 silly resolved     repository: { type: 'git', url: 'https://github.com/TVVT/prop.git' },
27 silly resolved     keywords: [ 'wx' ],
27 silly resolved     author: { name: 'FFF' },
27 silly resolved     license: 'ISC',
27 silly resolved     bugs: { url: 'https://github.com/TVVT/prop/issues' },
27 silly resolved     homepage: 'https://github.com/TVVT/prop',
27 silly resolved     gitHead: 'bba444345ecc19750e109115d3ec8399d27474da',
27 silly resolved     readme: '# prop\n微信传播工具\n\n# 目录结构\n\n- css/\n- less/(开发使用less，生成到根目录css目录下)\n- img/\n- js/\n    - appPart/（独立模块，以app名字开头，各app模块内容近似）\n        - controller/（相关的子模板的controller.js存放在这里）\n        - directives/ (相关的directive.js存放在这里)\n        - part_app.js (app模型定义和路由配置文件)\n        - part_main.js (requirejs的入口和配置文件)\n        - part_services.js (app的相关服务配置文件)\n    - common/ (通用模块库)\n    - utils/ (其他组件)\n- lib/ (包含所有第三方类库)\n- templete/ (子模板文件夹，其内容按模块类型分类)\n- index.html (程序的总入口点，用以根据配置跳转到各个模块入口)\n- part.html (admin模块的入口html)\n- resource/（TODO 无后台服务时暂用的资源目录，比如图片，背景音乐等等）\n    - img/ （上传的图片）\n    - sound/（背景音乐）',
27 silly resolved     readmeFilename: 'README.md',
27 silly resolved     _id: 'prop@1.0.0',
27 silly resolved     _shasum: 'abaa32d64ac04e394f0d3a2ba5e9f5c958884a7b',
27 silly resolved     _from: '.' } ]
28 info install prop@1.0.0 into /usr/local/lib
29 info installOne prop@1.0.0
30 verbose lib/node_modules/prop unbuild
31 verbose tar unpack /Users/wudi/.npm/prop/1.0.0/package.tgz
32 silly lockFile 4d306373--usr-local-lib-node-modules-prop tar:///usr/local/lib/node_modules/prop
33 verbose lock tar:///usr/local/lib/node_modules/prop /Users/wudi/.npm/4d306373--usr-local-lib-node-modules-prop.lock
34 silly lockFile e5368dde--wudi-npm-prop-1-0-0-package-tgz tar:///Users/wudi/.npm/prop/1.0.0/package.tgz
35 verbose lock tar:///Users/wudi/.npm/prop/1.0.0/package.tgz /Users/wudi/.npm/e5368dde--wudi-npm-prop-1-0-0-package-tgz.lock
36 silly gunzTarPerm modes [ '755', '644' ]
37 error Error: EACCES, mkdir '/usr/local/lib/node_modules/prop'
37 error  { [Error: EACCES, mkdir '/usr/local/lib/node_modules/prop']
37 error   errno: 3,
37 error   code: 'EACCES',
37 error   path: '/usr/local/lib/node_modules/prop',
37 error   fstream_type: 'Directory',
37 error   fstream_path: '/usr/local/lib/node_modules/prop',
37 error   fstream_class: 'DirWriter',
37 error   fstream_stack:
37 error    [ '/usr/local/lib/node_modules/npm/node_modules/fstream/lib/dir-writer.js:36:23',
37 error      '/usr/local/lib/node_modules/npm/node_modules/mkdirp/index.js:46:53',
37 error      'Object.oncomplete (fs.js:107:15)' ] }
38 error Please try running this command again as root/Administrator.
39 error System Darwin 14.3.0
40 error command "node" "/usr/local/bin/npm" "i" "-g"
41 error cwd /Users/wudi/Downloads/work/prop
42 error node -v v0.10.33
43 error npm -v 1.4.28
44 error path /usr/local/lib/node_modules/prop
45 error fstream_path /usr/local/lib/node_modules/prop
46 error fstream_type Directory
47 error fstream_class DirWriter
48 error code EACCES
49 error errno 3
50 error stack Error: EACCES, mkdir '/usr/local/lib/node_modules/prop'
51 error fstream_stack /usr/local/lib/node_modules/npm/node_modules/fstream/lib/dir-writer.js:36:23
51 error fstream_stack /usr/local/lib/node_modules/npm/node_modules/mkdirp/index.js:46:53
51 error fstream_stack Object.oncomplete (fs.js:107:15)
52 verbose exit [ 3, true ]
